1522658468955	geckodriver	INFO	geckodriver 0.20.0
1522658468986	geckodriver	INFO	Listening on 127.0.0.1:58278
1522658472092	mozrunner::runner	INFO	Running command: "C:\\Program Files\\Mozilla Firefox\\firefox.exe" "-marionette" "-profile" "C:\\Users\\lushi\\AppData\\Local\\Temp\\rust_mozprofile.PQDW804N5P5k"
Unable to read VR Path Registry from C:\Users\lushi\AppData\Local\openvr\openvrpaths.vrpath
1522658473602	Marionette	INFO	Enabled via --marionette
Unable to read VR Path Registry from C:\Users\lushi\AppData\Local\openvr\openvrpaths.vrpath
Unable to read VR Path Registry from C:\Users\lushi\AppData\Local\openvr\openvrpaths.vrpath
Unable to read VR Path Registry from C:\Users\lushi\AppData\Local\openvr\openvrpaths.vrpath
1522658477192	Marionette	INFO	Listening on port 58288
Unable to read VR Path Registry from C:\Users\lushi\AppData\Local\openvr\openvrpaths.vrpath
1522658477500	Marionette	WARN	TLS certificate errors will be ignored for this session
[Parent 3824, Gecko_IOThread] WARNING: pipe error: 109: file z:/build/build/src/ipc/chromium/src/chrome/common/ipc_channel_win.cc, line 346
[Parent 3824, Gecko_IOThread] WARNING: pipe error: 109: file z:/build/build/src/ipc/chromium/src/chrome/common/ipc_channel_win.cc, line 346
[Child 6336, Chrome_ChildThread] WARNING: pipe error: 109: file z:/build/build/src/ipc/chromium/src/chrome/common/ipc_channel_win.cc, line 346
[Chi*** UTM:SVC TimerManager:registerTimer called after profile-before-change notification. Ignoring timer registration for id: telemetry_modules_ping

###!!! [Child][MessageChannel::SendAndWait] Error: Channel error: cannot send/recv

1522658489094	geckodriver::marionette	ERROR	Failed to stop browser process
1522659098845	geckodriver	INFO	geckodriver 0.20.0
1522659098877	geckodriver	INFO	Listening on 127.0.0.1:58606
1522659101920	mozrunner::runner	INFO	Running command: "C:\\Program Files\\Mozilla Firefox\\firefox.exe" "-marionette" "-profile" "C:\\Users\\lushi\\AppData\\Local\\Temp\\rust_mozprofile.1deLdcs4j9yM"
Unable to read VR Path Registry from C:\Users\lushi\AppData\Local\openvr\openvrpaths.vrpath
1522659103416	Marionette	INFO	Enabled via --marionette
Unable to read VR Path Registry from C:\Users\lushi\AppData\Local\openvr\openvrpaths.vrpath
Unable to read VR Path Registry from C:\Users\lushi\AppData\Local\openvr\openvrpaths.vrpath
Unable to read VR Path Registry from C:\Users\lushi\AppData\Local\openvr\openvrpaths.vrpath
1522659107590	Marionette	INFO	Listening on port 58614
1522659107812	Marionette	WARN	TLS certificate errors will be ignored for this session
Unable to read VR Path Registry from C:\Users\lushi\AppData\Local\openvr\openvrpaths.vrpath
[Parent 4660, Gecko_IOThread] WARNING: pipe error: 109: file z:/build/build/src/ipc/chromium/src/chrome/common/ipc_channel_win.cc, line 346
[Child 9732, Chrome_ChildThread] WARNING: pipe error: 109: file z:/build/build/src/ipc/chromium/src/chrome/common/ipc_channel_win.cc, line 346
[Chi[Parent 4660, Gecko_IOThread] WARNING: pipe error: 109: file z:/build/build/src/ipc/chromium/src/chrome/common/ipc_channel_win.cc, line 346
[Child 10536, Chrome_ChildThread] WARNING: pipe error: 109: file z:/build/build/src/ipc/chromium/src/chrome/common/ipc_channel_win.cc, line 346
[Ch[Parent 4660, Gecko_IOThread] WARNING: pipe error: 109: file z:/build/build/src/ipc/chromium/src/chrome/common/ipc_channel_win.cc, line 346
[Child 1484, Chrome_ChildThread] WARNING: pipe error: 109: file z:/build/build/src/ipc/chromium/src/chrome/common/ipc_channel_win.cc, line 346
[Chi*** UTM:SVC TimerManager:registerTimer called after profile-before-change notification. Ignoring timer registration for id: telemetry_modules_ping

###!!! [Child][MessageChannel::SendAndWait] Error: Channel error: cannot send/recv

1522659119465	geckodriver::marionette	ERROR	Failed to stop browser process
1522659290745	geckodriver	INFO	geckodriver 0.20.0
1522659290791	geckodriver	INFO	Listening on 127.0.0.1:58686
1522659293879	mozrunner::runner	INFO	Running command: "C:\\Program Files\\Mozilla Firefox\\firefox.exe" "-marionette" "-profile" "C:\\Users\\lushi\\AppData\\Local\\Temp\\rust_mozprofile.0gClsWCQOJ3t"
Unable to read VR Path Registry from C:\Users\lushi\AppData\Local\openvr\openvrpaths.vrpath
1522659295646	Marionette	INFO	Enabled via --marionette
Unable to read VR Path Registry from C:\Users\lushi\AppData\Local\openvr\openvrpaths.vrpath
Unable to read VR Path Registry from C:\Users\lushi\AppData\Local\openvr\openvrpaths.vrpath
Unable to read VR Path Registry from C:\Users\lushi\AppData\Local\openvr\openvrpaths.vrpath
1522659298956	Marionette	INFO	Listening on port 58695
Unable to read VR Path Registry from C:\Users\lushi\AppData\Local\openvr\openvrpaths.vrpath
1522659299660	Marionette	WARN	TLS certificate errors will be ignored for this session
1522659299986	addons.xpi	WARN	Exception running bootstrap method shutdown on activity-stream@mozilla.org: [Exception... "Component returned failure code: 0x80004005 (NS_ERROR_FAILURE) [nsIObserverService.removeObserver]"  nsresult: "0x80004005 (NS_ERROR_FAILURE)"  location: "JS frame :: resource://activity-stream/lib/SnippetsFeed.jsm :: uninit :: line 125"  data: no] Stack trace: uninit()@resource://activity-stream/lib/SnippetsFeed.jsm:125 < onAction()@resource://activity-stream/lib/SnippetsFeed.jsm:141 < _middleware/</<()@resource://activity-stream/lib/Store.jsm:51 < Store/this[method]()@resource://activity-stream/lib/Store.jsm:30 < uninit()@resource://activity-stream/lib/Store.jsm:153 < uninit()@resource://activity-stream/lib/ActivityStream.jsm:274 < uninit()@resource://gre/modules/addons/XPIProvider.jsm -> jar:file:///C:/Program%20Files/Mozilla%20Firefox/browser/features/activity-stream@mozilla.org.xpi!/bootstrap.js:80 < shutdown()@resource://gre/modules/addons/XPIProvider.jsm -> jar:file:///C:/Program%20Files/Mozilla%20Firefox/browser/features/activity-stream@mozilla.org.xpi!/bootstrap.js:196 < callBootstrapMethod()@resource://gre/modules/addons/XPIProvider.jsm:4419 < observe()@resource://gre/modules/addons/XPIProvider.jsm:2279 < GeckoDriver.prototype.quit()@driver.js:3270 < despatch()@server.js:557 < execute()@server.js:531 < onPacket/<()@server.js:506 < onPacket()@server.js:505 < _onJSONObjectReady/<()@transport.js:500
[Parent 7292, Gecko_IOThread] WARNING: pipe error: 109: file z:/build/build/src/ipc/chromium/src/chrome/common/ipc_channel_win.cc, line 346
[Child 3928, Chrome_ChildThread] WARNING: pipe error: 109: file z:/build/build/src/ipc/chromium/src/chrome/common/ipc_channel_win.cc, line 346
[Promise rejected after context unloaded: Message manager disconnected
[Child 11148, Chrome_ChildThread] WARNING: pipe error: 109: file z:/build/build/src/ipc/chromium/src/chrome/common/ipc_channel_win.cc, line 346
[Ch[Child 9004, Chrome_ChildThread] WARNING: pipe error: 109: file z:/build/build/src/ipc/chromium/src/chrome/common/ipc_channel_win.cc, line 346
[Ch*** UTM:SVC TimerManager:registerTimer called after profile-before-change notification. Ignoring timer registration for id: telemetry_modules_ping

###!!! [Child][MessageChannel::SendAndWait] Error: Channel error: cannot send/recv

1522659302094	geckodriver::marionette	ERROR	Failed to stop browser process
1522659350561	geckodriver	INFO	geckodriver 0.20.0
1522659350608	geckodriver	INFO	Listening on 127.0.0.1:58729
1522659353652	mozrunner::runner	INFO	Running command: "C:\\Program Files\\Mozilla Firefox\\firefox.exe" "-marionette" "-profile" "C:\\Users\\lushi\\AppData\\Local\\Temp\\rust_mozprofile.2VIhGU7azko8"
Unable to read VR Path Registry from C:\Users\lushi\AppData\Local\openvr\openvrpaths.vrpath
1522659355582	Marionette	INFO	Enabled via --marionette
Unable to read VR Path Registry from C:\Users\lushi\AppData\Local\openvr\openvrpaths.vrpath
Unable to read VR Path Registry from C:\Users\lushi\AppData\Local\openvr\openvrpaths.vrpath
Unable to read VR Path Registry from C:\Users\lushi\AppData\Local\openvr\openvrpaths.vrpath
1522659358946	Marionette	INFO	Listening on port 58738
1522659359056	Marionette	WARN	TLS certificate errors will be ignored for this session
Unable to read VR Path Registry from C:\Users\lushi\AppData\Local\openvr\openvrpaths.vrpath
[Child 1484, Chrome_ChildThread] WARNING: pipe error: 109: file z:/build/build/src/ipc/chromium/src/chrome/common/ipc_channel_win.cc, line 346
[Chi[Child 13236, Chrome_ChildThread] WARNING: pipe error: 109: file z:/build/build/src/ipc/chromium/src/chrome/common/ipc_channel_win.cc, line 346
[Ch[Parent 7484, Gecko_IOThread] WARNING: pipe error: 109: file z:/build/build/src/ipc/chromium/src/chrome/common/ipc_channel_win.cc, line 346
[Child 8724, Chrome_ChildThread] WARNING: pipe error: 109: file z:/build/build/src/ipc/chromium/src/chrome/common/ipc_channel_win.cc, line 346
[C*** UTM:SVC TimerManager:registerTimer called after profile-before-change notification. Ignoring timer registration for id: telemetry_modules_ping

###!!! [Child][MessageChannel::SendAndWait] Error: Channel error: cannot send/recv

1522659382600	geckodriver::marionette	ERROR	Failed to stop browser process
1522659401142	geckodriver	INFO	geckodriver 0.20.0
1522659401173	geckodriver	INFO	Listening on 127.0.0.1:58854
1522659404249	mozrunner::runner	INFO	Running command: "C:\\Program Files\\Mozilla Firefox\\firefox.exe" "-marionette" "-profile" "C:\\Users\\lushi\\AppData\\Local\\Temp\\rust_mozprofile.OoyiA3Fo6uqu"
Unable to read VR Path Registry from C:\Users\lushi\AppData\Local\openvr\openvrpaths.vrpath
1522659405698	Marionette	INFO	Enabled via --marionette
Unable to read VR Path Registry from C:\Users\lushi\AppData\Local\openvr\openvrpaths.vrpath
Unable to read VR Path Registry from C:\Users\lushi\AppData\Local\openvr\openvrpaths.vrpath
Unable to read VR Path Registry from C:\Users\lushi\AppData\Local\openvr\openvrpaths.vrpath
IPDL protocol error: Handler returned error code!

###!!! [Parent][DispatchAsyncMessage] Error: PLayerTransaction::Msg_ReleaseLayer Processing error: message was deserialized, but the handler returned false (indicating failure)

IPDL protocol error: Handler returned error code!

###!!! [Parent][DispatchAsyncMessage] Error: PLayerTransaction::Msg_ReleaseLayer Processing error: message was deserialized, but the handler returned false (indicating failure)

1522659408804	Marionette	INFO	Listening on port 58864
Unable to read VR Path Registry from C:\Users\lushi\AppData\Local\openvr\openvrpaths.vrpath
1522659409580	Marionette	WARN	TLS certificate errors will be ignored for this session
[Parent 8828, Gecko_IOThread] WARNING: pipe error: 109: file z:/build/build/src/ipc/chromium/src/chrome/common/ipc_channel_win.cc, line 346
[[Parent 8828, Gecko_IOThread] WARNING: pipe error: 109: file z:/build/build/src/ipc/chromium/src/chrome/common/ipc_channel_win.cc, line 346
*** UTM:SVC TimerManager:registerTimer called after profile-before-change notification. Ignoring timer registration for id: telemetry_modules_ping

###!!! [Child][MessageChannel::SendAndWait] Error: Channel error: cannot send/recv

1522659439896	geckodriver::marionette	ERROR	Failed to stop browser process
1522659452026	geckodriver	INFO	geckodriver 0.20.0
1522659452057	geckodriver	INFO	Listening on 127.0.0.1:58924
1522659455128	mozrunner::runner	INFO	Running command: "C:\\Program Files\\Mozilla Firefox\\firefox.exe" "-marionette" "-profile" "C:\\Users\\lushi\\AppData\\Local\\Temp\\rust_mozprofile.jXb9Q1gD6Bvs"
Unable to read VR Path Registry from C:\Users\lushi\AppData\Local\openvr\openvrpaths.vrpath
1522659456580	Marionette	INFO	Enabled via --marionette
Unable to read VR Path Registry from C:\Users\lushi\AppData\Local\openvr\openvrpaths.vrpath
Unable to read VR Path Registry from C:\Users\lushi\AppData\Local\openvr\openvrpaths.vrpath
Unable to read VR Path Registry from C:\Users\lushi\AppData\Local\openvr\openvrpaths.vrpath
Unable to read VR Path Registry from C:\Users\lushi\AppData\Local\openvr\openvrpaths.vrpath
1522659460000	Marionette	INFO	Listening on port 58932
1522659460468	Marionette	WARN	TLS certificate errors will be ignored for this session
[Child 16076, Chrome_ChildThread] WARNING: pipe error: 109: file z:/build/build/src/ipc/chromium/src/chrome/common/ipc_channel_win.cc, line 346
[Ch[Parent 12148, Gecko_IOThread] WARNING: pipe error: 109: file z:/build/build/src/ipc/chromium/src/chrome/common/ipc_channel_win.cc, line 346
[*** UTM:SVC TimerManager:registerTimer called after profile-before-change notification. Ignoring timer registration for id: telemetry_modules_ping

###!!! [Child][MessageChannel::SendAndWait] Error: Channel error: cannot send/recv

1522659491084	geckodriver::marionette	ERROR	Failed to stop browser process
1522659504099	geckodriver	INFO	geckodriver 0.20.0
1522659504130	geckodriver	INFO	Listening on 127.0.0.1:58991
1522659507196	mozrunner::runner	INFO	Running command: "C:\\Program Files\\Mozilla Firefox\\firefox.exe" "-marionette" "-profile" "C:\\Users\\lushi\\AppData\\Local\\Temp\\rust_mozprofile.T1wc0Lam4Ywj"
Unable to read VR Path Registry from C:\Users\lushi\AppData\Local\openvr\openvrpaths.vrpath
1522659508608	Marionette	INFO	Enabled via --marionette
Unable to read VR Path Registry from C:\Users\lushi\AppData\Local\openvr\openvrpaths.vrpath
Unable to read VR Path Registry from C:\Users\lushi\AppData\Local\openvr\openvrpaths.vrpath
Unable to read VR Path Registry from C:\Users\lushi\AppData\Local\openvr\openvrpaths.vrpath
IPDL protocol error: Handler returned error code!

###!!! [Parent][DispatchAsyncMessage] Error: PLayerTransaction::Msg_ReleaseLayer Processing error: message was deserialized, but the handler returned false (indicating failure)

IPDL protocol error: Handler returned error code!

###!!! [Parent][DispatchAsyncMessage] Error: PLayerTransaction::Msg_ReleaseLayer Processing error: message was deserialized, but the handler returned false (indicating failure)

1522659511554	Marionette	INFO	Listening on port 59000
Unable to read VR Path Registry from C:\Users\lushi\AppData\Local\openvr\openvrpaths.vrpath
1522659512550	Marionette	WARN	TLS certificate errors will be ignored for this session
[Child 14048, Chrome_ChildThread] WARNING: pipe error: 109: file z:/build/build/src/ipc/chromium/src/chrome/common/ipc_channel_win.cc, line 346
[Chi[Parent 15952, Gecko_IOThread] WARNING: pipe error: 109: file z:/build/build/src/ipc/chromium/src/chrome/common/ipc_channel_win.cc, line 346
[Parent 15952, Gecko_IOThread] WARNING: pipe error: 109: file z:/build/build/src/ipc/chromium/src/chrome/common/ipc_channel_win.cc, line 346
[Child 12708, Chrome_ChildThread] WARNING: pipe error: 109: file z:/build/build/src/ipc/chromium/src/chrome/common/ipc_channel_win.cc, line 346
[C*** UTM:SVC TimerManager:registerTimer called after profile-before-change notification. Ignoring timer registration for id: telemetry_modules_ping

###!!! [Child][MessageChannel::SendAndWait] Error: Channel error: cannot send/recv

1522659539338	geckodriver::marionette	ERROR	Failed to stop browser process
1522659583160	geckodriver	INFO	geckodriver 0.20.0
1522659583196	geckodriver	INFO	Listening on 127.0.0.1:59085
1522659586277	mozrunner::runner	INFO	Running command: "C:\\Program Files\\Mozilla Firefox\\firefox.exe" "-marionette" "-profile" "C:\\Users\\lushi\\AppData\\Local\\Temp\\rust_mozprofile.cyazl5BgamWo"
Unable to read VR Path Registry from C:\Users\lushi\AppData\Local\openvr\openvrpaths.vrpath
1522659588182	Marionette	INFO	Enabled via --marionette
Unable to read VR Path Registry from C:\Users\lushi\AppData\Local\openvr\openvrpaths.vrpath
Unable to read VR Path Registry from C:\Users\lushi\AppData\Local\openvr\openvrpaths.vrpath
Unable to read VR Path Registry from C:\Users\lushi\AppData\Local\openvr\openvrpaths.vrpath
1522659591866	Marionette	INFO	Listening on port 59094
1522659592152	Marionette	WARN	TLS certificate errors will be ignored for this session
Unable to read VR Path Registry from C:\Users\lushi\AppData\Local\openvr\openvrpaths.vrpath
[Child 2008, Chrome_ChildThread] WARNING: pipe error: 109: file z:/build/build/src/ipc/chromium/src/chrome/common/ipc_channel_win.cc, line 346
[C1522659622798	addons.productaddons	WARN	Failed downloading via XHR, status: 0, reason: error
[Child 9004, Chrome_ChildThread] WARNING: pipe error: 109: file z:/build/build/src/ipc/chromium/src/chrome/common/ipc_channel_win.cc, line 346
[Ch[Parent 9288, Gecko_IOThread] WARNING: pipe error: 109: file z:/build/build/src/ipc/chromium/src/chrome/common/ipc_channel_win.cc, line 346
*** UTM:SVC TimerManager:registerTimer called after profile-before-change notification. Ignoring timer registration for id: telemetry_modules_ping

###!!! [Child][MessageChannel::SendAndWait] Error: Channel error: cannot send/recv

1522659624774	geckodriver::marionette	ERROR	Failed to stop browser process
1522721112241	geckodriver	INFO	geckodriver 0.20.0
1522721112272	geckodriver	INFO	Listening on 127.0.0.1:51467
1522721115313	mozrunner::runner	INFO	Running command: "C:\\Program Files\\Mozilla Firefox\\firefox.exe" "-marionette" "-profile" "C:\\Users\\lushi\\AppData\\Local\\Temp\\rust_mozprofile.aZGaeaVpePke"
Unable to read VR Path Registry from C:\Users\lushi\AppData\Local\openvr\openvrpaths.vrpath
1522721118036	Marionette	INFO	Enabled via --marionette
Unable to read VR Path Registry from C:\Users\lushi\AppData\Local\openvr\openvrpaths.vrpath
Unable to read VR Path Registry from C:\Users\lushi\AppData\Local\openvr\openvrpaths.vrpath
Unable to read VR Path Registry from C:\Users\lushi\AppData\Local\openvr\openvrpaths.vrpath
1522721123064	Marionette	INFO	Listening on port 51479
1522721123370	Marionette	WARN	TLS certificate errors will be ignored for this session
Unable to read VR Path Registry from C:\Users\lushi\AppData\Local\openvr\openvrpaths.vrpath
[Parent 5744, Gecko_IOThread] WARNING: pipe error: 109: file z:/build/build/src/ipc/chromium/src/chrome/common/ipc_channel_win.cc, line 346
[Child 9320, Chrome_ChildThread] WARNING: pipe error: 109: file z:/build/build/src/ipc/chromium/src/chrome/common/ipc_channel_win.cc, line 346
[C[Parent 5744, Gecko_IOThread] WARNING: pipe error: 109: file z:/build/build/src/ipc/chromium/src/chrome/common/ipc_channel_win.cc, line 346
[Child 9356, Chrome_ChildThread] WARNING: pipe error: 109: file z:/build/build/src/ipc/chromium/src/chrome/common/ipc_channel_win.cc, line 346
[Child[Parent 5744, Gecko_IOThread] WARNING: pipe error: 109: file z:/build/build/src/ipc/chromium/src/chrome/common/ipc_channel_win.cc, line 346
[*** UTM:SVC TimerManager:registerTimer called after profile-before-change notification. Ignoring timer registration for id: telemetry_modules_ping

###!!! [Child][MessageChannel::SendAndWait] Error: Channel error: cannot send/recv

1522721154003	geckodriver::marionette	ERROR	Failed to stop browser process
1522721167358	geckodriver	INFO	geckodriver 0.20.0
1522721167388	geckodriver	INFO	Listening on 127.0.0.1:51543
1522721170466	mozrunner::runner	INFO	Running command: "C:\\Program Files\\Mozilla Firefox\\firefox.exe" "-marionette" "-profile" "C:\\Users\\lushi\\AppData\\Local\\Temp\\rust_mozprofile.HPijRUT9N2ZD"
Unable to read VR Path Registry from C:\Users\lushi\AppData\Local\openvr\openvrpaths.vrpath
1522721172158	Marionette	INFO	Enabled via --marionette
Unable to read VR Path Registry from C:\Users\lushi\AppData\Local\openvr\openvrpaths.vrpath
Unable to read VR Path Registry from C:\Users\lushi\AppData\Local\openvr\openvrpaths.vrpath
Unable to read VR Path Registry from C:\Users\lushi\AppData\Local\openvr\openvrpaths.vrpath
1522721175100	Marionette	INFO	Listening on port 51551
Unable to read VR Path Registry from C:\Users\lushi\AppData\Local\openvr\openvrpaths.vrpath
1522721175726	Marionette	WARN	TLS certificate errors will be ignored for this session
[Child 5732, Chrome_ChildThread] WARNING: pipe error: 109: file z:/build/build/src/ipc/chromium/src/chrome/common/ipc_channel_win.cc, line 346
[Ch[Child 8100, Chrome_ChildThread] WARNING: pipe error: 109: file z:/build/build/src/ipc/chromium/src/chrome/common/ipc_channel_win.cc, line 346
[Parent 12512, Gecko_IOThread] WARNING: pipe error: 109: file z:/build/build/src/ipc/chromium/src/chrome/common/ipc_channel_win.cc, line 346
*** UTM:SVC TimerManager:registerTimer called after profile-before-change notification. Ignoring timer registration for id: telemetry_modules_ping

###!!! [Child][MessageChannel::SendAndWait] Error: Channel error: cannot send/recv

1522721218002	geckodriver::marionette	ERROR	Failed to stop browser process
1522721446107	geckodriver	INFO	geckodriver 0.20.0
1522721446138	geckodriver	INFO	Listening on 127.0.0.1:51713
1522721449208	mozrunner::runner	INFO	Running command: "C:\\Program Files\\Mozilla Firefox\\firefox.exe" "-marionette" "-profile" "C:\\Users\\lushi\\AppData\\Local\\Temp\\rust_mozprofile.YezJDFmtvRib"
Unable to read VR Path Registry from C:\Users\lushi\AppData\Local\openvr\openvrpaths.vrpath
1522721450666	Marionette	INFO	Enabled via --marionette
Unable to read VR Path Registry from C:\Users\lushi\AppData\Local\openvr\openvrpaths.vrpath
Unable to read VR Path Registry from C:\Users\lushi\AppData\Local\openvr\openvrpaths.vrpath
Unable to read VR Path Registry from C:\Users\lushi\AppData\Local\openvr\openvrpaths.vrpath
1522721453802	Marionette	INFO	Listening on port 51722
Unable to read VR Path Registry from C:\Users\lushi\AppData\Local\openvr\openvrpaths.vrpath
1522721454474	Marionette	WARN	TLS certificate errors will be ignored for this session
1522721514576	geckodriver	INFO	geckodriver 0.20.0
1522721514606	geckodriver	INFO	Listening on 127.0.0.1:51778
1522721517679	mozrunner::runner	INFO	Running command: "C:\\Program Files\\Mozilla Firefox\\firefox.exe" "-marionette" "-profile" "C:\\Users\\lushi\\AppData\\Local\\Temp\\rust_mozprofile.MTpJG9PA7SqJ"
Unable to read VR Path Registry from C:\Users\lushi\AppData\Local\openvr\openvrpaths.vrpath
1522721519134	Marionette	INFO	Enabled via --marionette
Unable to read VR Path Registry from C:\Users\lushi\AppData\Local\openvr\openvrpaths.vrpath
Unable to read VR Path Registry from C:\Users\lushi\AppData\Local\openvr\openvrpaths.vrpath
Unable to read VR Path Registry from C:\Users\lushi\AppData\Local\openvr\openvrpaths.vrpath
IPDL protocol error: Handler returned error code!

###!!! [Parent][DispatchAsyncMessage] Error: PLayerTransaction::Msg_ReleaseLayer Processing error: message was deserialized, but the handler returned false (indicating failure)

IPDL protocol error: Handler returned error code!

###!!! [Parent][DispatchAsyncMessage] Error: PLayerTransaction::Msg_ReleaseLayer Processing error: message was deserialized, but the handler returned false (indicating failure)

Unable to read VR Path Registry from C:\Users\lushi\AppData\Local\openvr\openvrpaths.vrpath
1522721522188	Marionette	INFO	Listening on port 51786
1522721522930	Marionette	WARN	TLS certificate errors will be ignored for this session
[Parent 12048, Gecko_IOThread] WARNING: pipe error: 109: file z:/build/build/src/ipc/chromium/src/chrome/common/ipc_channel_win.cc, line 346
[Child 12744, Chrome_ChildThread] WARNING: pipe error: 109: file z:/build/build/src/ipc/chromium/src/chrome/common/ipc_channel_win.cc, line 346
[Chi[Ch*** UTM:SVC TimerManager:registerTimer called after profile-before-change notification. Ignoring timer registration for id: telemetry_modules_ping

###!!! [Child][MessageChannel::SendAndWait] Error: Channel error: cannot send/recv

1522721578277	geckodriver::marionette	ERROR	Failed to stop browser process
1522721767667	geckodriver	INFO	geckodriver 0.20.0
1522721767704	geckodriver	INFO	Listening on 127.0.0.1:53774
1522721770733	mozrunner::runner	INFO	Running command: "C:\\Program Files\\Mozilla Firefox\\firefox.exe" "-marionette" "-profile" "C:\\Users\\lushi\\AppData\\Local\\Temp\\rust_mozprofile.Q25lGtAtN73K"
Unable to read VR Path Registry from C:\Users\lushi\AppData\Local\openvr\openvrpaths.vrpath
1522721771990	Marionette	INFO	Enabled via --marionette
Unable to read VR Path Registry from C:\Users\lushi\AppData\Local\openvr\openvrpaths.vrpath
Unable to read VR Path Registry from C:\Users\lushi\AppData\Local\openvr\openvrpaths.vrpath
Unable to read VR Path Registry from C:\Users\lushi\AppData\Local\openvr\openvrpaths.vrpath
1522721774892	Marionette	INFO	Listening on port 59124
1522721774972	Marionette	WARN	TLS certificate errors will be ignored for this session
Unable to read VR Path Registry from C:\Users\lushi\AppData\Local\openvr\openvrpaths.vrpath
[Child 10140, Chrome_ChildThread] WARNING: pipe error: 109: file z:/build/build/src/ipc/chromium/src/chrome/common/ipc_channel_win.cc, line 346
[Chi[Parent 9352, Gecko_IOThread] WARNING: pipe error: 109: file z:/build/build/src/ipc/chromium/src/chrome/common/ipc_channel_win.cc, line 346
[Child 8488, Chrome_ChildThread] WARNING: pipe error: 109: file z:/build/build/src/ipc/chromium/src/chrome/common/ipc_channel_win.cc, line 346
[Child[Parent 9352, Gecko_IOThread] WARNING: pipe error: 109: file z:/build/build/src/ipc/chromium/src/chrome/common/ipc_channel_win.cc, line 346
[Child 476, Chrome_ChildThread] WARNING: pipe error: 109: file z:/build/build/src/ipc/chromium/src/chrome/common/ipc_channel_win.cc, line 346
[Ch*** UTM:SVC TimerManager:registerTimer called after profile-before-change notification. Ignoring timer registration for id: telemetry_modules_ping

###!!! [Child][MessageChannel::SendAndWait] Error: Channel error: cannot send/recv

1522721830080	geckodriver::marionette	ERROR	Failed to stop browser process
1522722042752	geckodriver	INFO	geckodriver 0.20.0
1522722042783	geckodriver	INFO	Listening on 127.0.0.1:51815
1522722045831	mozrunner::runner	INFO	Running command: "C:\\Program Files\\Mozilla Firefox\\firefox.exe" "-marionette" "-profile" "C:\\Users\\lushi\\AppData\\Local\\Temp\\rust_mozprofile.6KkCNqXjfnvc"
Unable to read VR Path Registry from C:\Users\lushi\AppData\Local\openvr\openvrpaths.vrpath
1522722047376	Marionette	INFO	Enabled via --marionette
Unable to read VR Path Registry from C:\Users\lushi\AppData\Local\openvr\openvrpaths.vrpath
Unable to read VR Path Registry from C:\Users\lushi\AppData\Local\openvr\openvrpaths.vrpath
Unable to read VR Path Registry from C:\Users\lushi\AppData\Local\openvr\openvrpaths.vrpath
Unable to read VR Path Registry from C:\Users\lushi\AppData\Local\openvr\openvrpaths.vrpath
1522722051320	Marionette	INFO	Listening on port 51826
1522722051736	Marionette	WARN	TLS certificate errors will be ignored for this session
[Parent 12044, Gecko_IOThread] WARNING: pipe error: 109: file z:/build/build/src/ipc/chromium/src/chrome/common/ipc_channel_win.cc, line 346
[Child 2224, Chrome_ChildThread] WARNING: pipe error: 109: file z:/build/build/src/ipc/chromium/src/chrome/common/ipc_channel_win.cc, line 346
[Ch[Parent 12044, Gecko_IOThread] WARNING: pipe error: 109: file z:/build/build/src/ipc/chromium/src/chrome/common/ipc_channel_win.cc, line 346
[Child 11740, Chrome_ChildThread] WARNING: pipe error: 109: file z:/build/build/src/ipc/chromium/src/chrome/common/ipc_channel_win.cc, line 346
[Chil*** UTM:SVC TimerManager:registerTimer called after profile-before-change notification. Ignoring timer registration for id: telemetry_modules_ping
[GPU 10936, Chrome_ChildThread]
###!!! [Child][MessageChannel::SendAndWait] Error: Channel error: cannot send/recv

1522722107834	geckodriver::marionette	ERROR	Failed to stop browser process
1522722140969	geckodriver	INFO	geckodriver 0.20.0
1522722141002	geckodriver	INFO	Listening on 127.0.0.1:50235
1522722144082	mozrunner::runner	INFO	Running command: "C:\\Program Files\\Mozilla Firefox\\firefox.exe" "-marionette" "-profile" "C:\\Users\\lushi\\AppData\\Local\\Temp\\rust_mozprofile.dkrIoJjiaORV"
Unable to read VR Path Registry from C:\Users\lushi\AppData\Local\openvr\openvrpaths.vrpath
1522722145396	Marionette	INFO	Enabled via --marionette
Unable to read VR Path Registry from C:\Users\lushi\AppData\Local\openvr\openvrpaths.vrpath
Unable to read VR Path Registry from C:\Users\lushi\AppData\Local\openvr\openvrpaths.vrpath
Unable to read VR Path Registry from C:\Users\lushi\AppData\Local\openvr\openvrpaths.vrpath
1522722148494	Marionette	INFO	Listening on port 50244
Unable to read VR Path Registry from C:\Users\lushi\AppData\Local\openvr\openvrpaths.vrpath
1522722149328	Marionette	WARN	TLS certificate errors will be ignored for this session
[Parent 6692, Gecko_IOThread] WARNING: pipe error: 109: file z:/build/build/src/ipc/chromium/src/chrome/common/ipc_channel_win.cc, line 346
[Child 9184, Chrome_ChildThread] WARNING: pipe error: 109: file z:/build/build/src/ipc/chromium/src/chrome/common/ipc_channel_win.cc, line 346
[Child 9184, Chrome_Ch[Parent 6692, Gecko_IOThread] WARNING: pipe error: 109: file z:/build/build/src/ipc/chromium/src/chrome/common/ipc_channel_win.cc, line 346
[Child 3188, Chrome_ChildThread] WARNING: pipe error: 109: file z:/build/build/src/ipc/chromium/src/chrome/common/ipc_channel_win.cc, line 346
[Ch[Child 10328, Chrome_ChildThread] WARNING: pipe error: 109: file z:/build/build/src/ipc/chromium/src/chrome/common/ipc_channel_win.cc, line 346
[Child 10328, Chrome_ChildThread] WARNING: pip*** UTM:SVC TimerManager:registerTimer called after profile-before-change notification. Ignoring timer registration for id: telemetry_modules_ping

###!!! [Child][MessageChannel::SendAndWait] Error: Channel error: cannot send/recv

1522722205164	geckodriver::marionette	ERROR	Failed to stop browser process
1522722582482	geckodriver	INFO	geckodriver 0.20.0
1522722582517	geckodriver	INFO	Listening on 127.0.0.1:50580
1522722585573	mozrunner::runner	INFO	Running command: "C:\\Program Files\\Mozilla Firefox\\firefox.exe" "-marionette" "-profile" "C:\\Users\\lushi\\AppData\\Local\\Temp\\rust_mozprofile.NCaE3F7fSf0U"
Unable to read VR Path Registry from C:\Users\lushi\AppData\Local\openvr\openvrpaths.vrpath
1522722587234	Marionette	INFO	Enabled via --marionette
Unable to read VR Path Registry from C:\Users\lushi\AppData\Local\openvr\openvrpaths.vrpath
Unable to read VR Path Registry from C:\Users\lushi\AppData\Local\openvr\openvrpaths.vrpath
Unable to read VR Path Registry from C:\Users\lushi\AppData\Local\openvr\openvrpaths.vrpath
1522722591682	Marionette	INFO	Listening on port 50589
1522722591886	Marionette	WARN	TLS certificate errors will be ignored for this session
Unable to read VR Path Registry from C:\Users\lushi\AppData\Local\openvr\openvrpaths.vrpath
[Child 1756, Chrome_ChildThread] WARNING: pipe error: 109: file z:/build/build/src/ipc/chromium/src/chrome/common/ipc_channel_win.cc, line 346
[Ch[Child 1212, Chrome_ChildThread] WARNING: pipe error: 109: file z:/build/build/src/ipc/chromium/src/chrome/common/ipc_channel_win.cc, line 346
[Chi
###!!! [Child][MessageChannel::SendAndWait] Error: Channel error: cannot send/recv

1522722649646	geckodriver::marionette	ERROR	Failed to stop browser process
1522723092806	geckodriver	INFO	geckodriver 0.20.0
1522723092838	geckodriver	INFO	Listening on 127.0.0.1:50864
1522723095916	mozrunner::runner	INFO	Running command: "C:\\Program Files\\Mozilla Firefox\\firefox.exe" "-marionette" "-profile" "C:\\Users\\lushi\\AppData\\Local\\Temp\\rust_mozprofile.qpMAlobr7Pql"
Unable to read VR Path Registry from C:\Users\lushi\AppData\Local\openvr\openvrpaths.vrpath
1522723097412	Marionette	INFO	Enabled via --marionette
Unable to read VR Path Registry from C:\Users\lushi\AppData\Local\openvr\openvrpaths.vrpath
Unable to read VR Path Registry from C:\Users\lushi\AppData\Local\openvr\openvrpaths.vrpath
Unable to read VR Path Registry from C:\Users\lushi\AppData\Local\openvr\openvrpaths.vrpath
IPDL protocol error: Handler returned error code!

###!!! [Parent][DispatchAsyncMessage] Error: PLayerTransaction::Msg_ReleaseLayer Processing error: message was deserialized, but the handler returned false (indicating failure)

IPDL protocol error: Handler returned error code!

###!!! [Parent][DispatchAsyncMessage] Error: PLayerTransaction::Msg_ReleaseLayer Processing error: message was deserialized, but the handler returned false (indicating failure)

1522723100628	Marionette	INFO	Listening on port 50873
Unable to read VR Path Registry from C:\Users\lushi\AppData\Local\openvr\openvrpaths.vrpath
1522723101174	Marionette	WARN	TLS certificate errors will be ignored for this session
[Parent 8428, Gecko_IOThread] WARNING: pipe error: 109: file z:/build/build/src/ipc/chromium/src/chrome/common/ipc_channel_win.cc, line 346
[[Parent 8428, Gecko_IOThread] WARNING: pipe error: 109: file z:/build/build/src/ipc/chromium/src/chrome/common/ipc_channel_win.cc, line 346
[Child 11436, Chrome_ChildThread] WARNING: pipe error: 109: file z:/build/build/src/ipc/chromium/src/chrome/common/ipc_channel_win.cc, line 346
[Chi[Parent 8428, Gecko_IOThread] WARNING: pipe error: 109: file z:/build/build/src/ipc/chromium/src/chrome/common/ipc_channel_win.cc, line 346
[Child 88, Chrome_ChildThread] WARNING: pipe error: 109: file z:/build/build/src/ipc/chromium/src/chrome/common/ipc_channel_win.cc, line 346
[Chi*** UTM:SVC TimerManager:registerTimer called after profile-before-change notification. Ignoring timer registration for id: telemetry_modules_ping

###!!! [Child][MessageChannel::SendAndWait] Error: Channel error: cannot send/recv

1522723141572	geckodriver::marionette	ERROR	Failed to stop browser process
1522723155567	geckodriver	INFO	geckodriver 0.20.0
1522723155599	geckodriver	INFO	Listening on 127.0.0.1:50934
1522723158661	mozrunner::runner	INFO	Running command: "C:\\Program Files\\Mozilla Firefox\\firefox.exe" "-marionette" "-profile" "C:\\Users\\lushi\\AppData\\Local\\Temp\\rust_mozprofile.i5FBIeBwUriU"
Unable to read VR Path Registry from C:\Users\lushi\AppData\Local\openvr\openvrpaths.vrpath
1522723159982	Marionette	INFO	Enabled via --marionette
Unable to read VR Path Registry from C:\Users\lushi\AppData\Local\openvr\openvrpaths.vrpath
Unable to read VR Path Registry from C:\Users\lushi\AppData\Local\openvr\openvrpaths.vrpath
Unable to read VR Path Registry from C:\Users\lushi\AppData\Local\openvr\openvrpaths.vrpath
1522723163138	Marionette	INFO	Listening on port 50943
Unable to read VR Path Registry from C:\Users\lushi\AppData\Local\openvr\openvrpaths.vrpath
1522723163906	Marionette	WARN	TLS certificate errors will be ignored for this session
[Child 3320, Chrome_ChildThread] WARNING: pipe error: 109: file z:/build/build/src/ipc/chromium/src/chrome/common/ipc_channel_win.cc, line 346
[Child 33[Child 1556, Chrome_ChildThread] WARNING: pipe error: 109: file z:/build/build/src/ipc/chromium/src/chrome/common/ipc_channel_win.cc, line 346
[C[*** UTM:SVC TimerManager:registerTimer called after profile-before-change notification. Ignoring timer registration for id: telemetry_modules_ping

###!!! [Child][MessageChannel::SendAndWait] Error: Channel error: cannot send/recv

1522723204412	geckodriver::marionette	ERROR	Failed to stop browser process
1522723236230	geckodriver	INFO	geckodriver 0.20.0
1522723236271	geckodriver	INFO	Listening on 127.0.0.1:51021
1522723239301	mozrunner::runner	INFO	Running command: "C:\\Program Files\\Mozilla Firefox\\firefox.exe" "-marionette" "-profile" "C:\\Users\\lushi\\AppData\\Local\\Temp\\rust_mozprofile.xxPuWrJe1Pzf"
Unable to read VR Path Registry from C:\Users\lushi\AppData\Local\openvr\openvrpaths.vrpath
1522723240758	Marionette	INFO	Enabled via --marionette
Unable to read VR Path Registry from C:\Users\lushi\AppData\Local\openvr\openvrpaths.vrpath
Unable to read VR Path Registry from C:\Users\lushi\AppData\Local\openvr\openvrpaths.vrpath
Unable to read VR Path Registry from C:\Users\lushi\AppData\Local\openvr\openvrpaths.vrpath
1522723243868	Marionette	INFO	Listening on port 51030
Unable to read VR Path Registry from C:\Users\lushi\AppData\Local\openvr\openvrpaths.vrpath
1522723244544	Marionette	WARN	TLS certificate errors will be ignored for this session
[Parent 584, Gecko_IOThread] WARNING: pipe error: 109: file z:/build/build/src/ipc/chromium/src/chrome/common/ipc_channel_win.cc, line 346
[*** UTM:SVC TimerManager:registerTimer called after profile-before-change notification. Ignoring timer registration for id: telemetry_modules_ping

###!!! [Child][MessageChannel::SendAndWait] Error: Channel error: cannot send/recv

1522723285352	geckodriver::marionette	ERROR	Failed to stop browser process
1522723401727	geckodriver	INFO	geckodriver 0.20.0
1522723401759	geckodriver	INFO	Listening on 127.0.0.1:51270
1522723404802	mozrunner::runner	INFO	Running command: "C:\\Program Files\\Mozilla Firefox\\firefox.exe" "-marionette" "-profile" "C:\\Users\\lushi\\AppData\\Local\\Temp\\rust_mozprofile.AfiOg7lQvmwV"
Unable to read VR Path Registry from C:\Users\lushi\AppData\Local\openvr\openvrpaths.vrpath
1522723409148	Marionette	INFO	Enabled via --marionette
Unable to read VR Path Registry from C:\Users\lushi\AppData\Local\openvr\openvrpaths.vrpath
Unable to read VR Path Registry from C:\Users\lushi\AppData\Local\openvr\openvrpaths.vrpath
Unable to read VR Path Registry from C:\Users\lushi\AppData\Local\openvr\openvrpaths.vrpath
Unable to read VR Path Registry from C:\Users\lushi\AppData\Local\openvr\openvrpaths.vrpath
1522723413452	Marionette	INFO	Listening on port 51281
1522723413502	Marionette	WARN	TLS certificate errors will be ignored for this session
[Parent 7956, Gecko_IOThread] WARNING: pipe error: 109: file z:/build/build/src/ipc/chromium/src/chrome/common/ipc_channel_win.cc, line 346
[[Parent 7956, Gecko_IOThread] WARNING: pipe error: 109: file z:/build/build/src/ipc/chromium/src/chrome/common/ipc_channel_win.cc, line 346
[Child 4876, Chrome_ChildThread] WARNING: pipe error: 109: file z:/build/build/src/ipc/chromium/src/chrome/common/ipc_channel_win.cc, line 346
[[Parent 7956, Gecko_IOThread] WARNING: pipe error: 109: file z:/build/build/src/ipc/chromium/src/chrome/common/ipc_channel_win.cc, line 346
[Child 10924, Chrome_ChildThread] WARNING: pipe error: 109: file z:/build/build/src/ipc/chromium/src/chrome/common/ipc_channel_win.cc, line 346
[Chil*** UTM:SVC TimerManager:registerTimer called after profile-before-change notification. Ignoring timer registration for id: telemetry_modules_ping

###!!! [Child][MessageChannel::SendAndWait] Error: Channel error: cannot send/recv

1522723453973	geckodriver::marionette	ERROR	Failed to stop browser process
1522723513351	geckodriver	INFO	geckodriver 0.20.0
1522723513392	geckodriver	INFO	Listening on 127.0.0.1:51458
1522723516442	mozrunner::runner	INFO	Running command: "C:\\Program Files\\Mozilla Firefox\\firefox.exe" "-marionette" "-profile" "C:\\Users\\lushi\\AppData\\Local\\Temp\\rust_mozprofile.HTpYZnm18mQo"
Unable to read VR Path Registry from C:\Users\lushi\AppData\Local\openvr\openvrpaths.vrpath
1522723517790	Marionette	INFO	Enabled via --marionette
Unable to read VR Path Registry from C:\Users\lushi\AppData\Local\openvr\openvrpaths.vrpath
Unable to read VR Path Registry from C:\Users\lushi\AppData\Local\openvr\openvrpaths.vrpath
Unable to read VR Path Registry from C:\Users\lushi\AppData\Local\openvr\openvrpaths.vrpath
Unable to read VR Path Registry from C:\Users\lushi\AppData\Local\openvr\openvrpaths.vrpath
1522723521472	Marionette	INFO	Listening on port 51467
1522723521704	Marionette	WARN	TLS certificate errors will be ignored for this session
[[Child 6268, Chrome_ChildThread] WARNING: pipe error: 109: file z:/build/build/src/ipc/chromium/src/chrome/common/ipc_channel_win.cc, line 346
[Ch[Child 1528, Chrome_ChildThread] WARNING: pipe error: 109: file z:/build/build/src/ipc/chromium/src/chrome/common/ipc_channel_win.cc, line 346
[Ch*** UTM:SVC TimerManager:registerTimer called after profile-before-change notification. Ignoring timer registration for id: telemetry_modules_ping

###!!! [Child][MessageChannel::SendAndWait] Error: Channel error: cannot send/recv

1522723562164	geckodriver::marionette	ERROR	Failed to stop browser process
1522723986112	geckodriver	INFO	geckodriver 0.20.0
1522723986151	geckodriver	INFO	Listening on 127.0.0.1:57370
1522723989229	mozrunner::runner	INFO	Running command: "C:\\Program Files\\Mozilla Firefox\\firefox.exe" "-marionette" "-profile" "C:\\Users\\lushi\\AppData\\Local\\Temp\\rust_mozprofile.mJsBnvWZrtu9"
Unable to read VR Path Registry from C:\Users\lushi\AppData\Local\openvr\openvrpaths.vrpath
1522723991080	Marionette	INFO	Enabled via --marionette
Unable to read VR Path Registry from C:\Users\lushi\AppData\Local\openvr\openvrpaths.vrpath
Unable to read VR Path Registry from C:\Users\lushi\AppData\Local\openvr\openvrpaths.vrpath
Unable to read VR Path Registry from C:\Users\lushi\AppData\Local\openvr\openvrpaths.vrpath
1522723994728	Marionette	INFO	Listening on port 57380
Unable to read VR Path Registry from C:\Users\lushi\AppData\Local\openvr\openvrpaths.vrpath
1522723995366	Marionette	WARN	TLS certificate errors will be ignored for this session
[Parent 10232, Gecko_IOThread] WARNING: pipe error: 109: file z:/build/build/src/ipc/chromium/src/chrome/common/ipc_channel_win.cc, line 346
[Child 1756, Chrome_ChildThread] WARNING: pipe error: 109: file z:/build/build/src/ipc/chromium/src/chrome/common/ipc_channel_win.cc, line 346
[Chil[*** UTM:SVC TimerManager:registerTimer called after profile-before-change notification. Ignoring timer registration for id: telemetry_modules_ping

###!!! [Child][MessageChannel::SendAndWait] Error: Channel error: cannot send/recv

1522724036484	geckodriver::marionette	ERROR	Failed to stop browser process
1522724094392	geckodriver	INFO	geckodriver 0.20.0
1522724094451	geckodriver	INFO	Listening on 127.0.0.1:62305
1522724097489	mozrunner::runner	INFO	Running command: "C:\\Program Files\\Mozilla Firefox\\firefox.exe" "-marionette" "-profile" "C:\\Users\\lushi\\AppData\\Local\\Temp\\rust_mozprofile.e92JItdI0L13"
Unable to read VR Path Registry from C:\Users\lushi\AppData\Local\openvr\openvrpaths.vrpath
1522724099146	Marionette	INFO	Enabled via --marionette
Unable to read VR Path Registry from C:\Users\lushi\AppData\Local\openvr\openvrpaths.vrpath
Unable to read VR Path Registry from C:\Users\lushi\AppData\Local\openvr\openvrpaths.vrpath
Unable to read VR Path Registry from C:\Users\lushi\AppData\Local\openvr\openvrpaths.vrpath
1522724102440	Marionette	INFO	Listening on port 62314
Unable to read VR Path Registry from C:\Users\lushi\AppData\Local\openvr\openvrpaths.vrpath
1522724103138	Marionette	WARN	TLS certificate errors will be ignored for this session
[Parent 12108, Gecko_IOThread] WARNING: pipe error: 109: file z:/build/build/src/ipc/chromium/src/chrome/common/ipc_channel_win.cc, line 346
[Child 224, Chrome_ChildThread] WARNING: pipe error: 109: file z:/build/build/src/ipc/chromium/src/chrome/common/ipc_channel_win.cc, line 346
[Ch[Child 5980, Chrome_ChildThread] WARNING: pipe error: 109: file z:/build/build/src/ipc/chromium/src/chrome/common/ipc_channel_win.cc, line 346
[C[Parent 12108, Gecko_IOThread] WARNING: pipe error: 109: file z:/build/build/src/ipc/chromium/src/chrome/common/ipc_channel_win.cc, line 346
[*** UTM:SVC TimerManager:registerTimer called after profile-before-change notification. Ignoring timer registration for id: telemetry_modules_ping

###!!! [Child][MessageChannel::SendAndWait] Error: Channel error: cannot send/recv

1522724143753	geckodriver::marionette	ERROR	Failed to stop browser process
1522724170103	geckodriver	INFO	geckodriver 0.20.0
1522724170137	geckodriver	INFO	Listening on 127.0.0.1:62395
1522724173187	mozrunner::runner	INFO	Running command: "C:\\Program Files\\Mozilla Firefox\\firefox.exe" "-marionette" "-profile" "C:\\Users\\lushi\\AppData\\Local\\Temp\\rust_mozprofile.FiTlxN83zhDu"
Unable to read VR Path Registry from C:\Users\lushi\AppData\Local\openvr\openvrpaths.vrpath
1522724174602	Marionette	INFO	Enabled via --marionette
Unable to read VR Path Registry from C:\Users\lushi\AppData\Local\openvr\openvrpaths.vrpath
Unable to read VR Path Registry from C:\Users\lushi\AppData\Local\openvr\openvrpaths.vrpath
Unable to read VR Path Registry from C:\Users\lushi\AppData\Local\openvr\openvrpaths.vrpath
1522724179802	Marionette	INFO	Listening on port 62405
Unable to read VR Path Registry from C:\Users\lushi\AppData\Local\openvr\openvrpaths.vrpath
1522724180650	Marionette	WARN	TLS certificate errors will be ignored for this session
[Parent 6124, Gecko_IOThread] WARNING: pipe error: 109: file z:/build/build/src/ipc/chromium/src/chrome/common/ipc_channel_win.cc, line 346
[Child 2964, Chrome_ChildThread] WARNING: pipe error: 109: file z:/build/build/src/ipc/chromium/src/chrome/common/ipc_channel_win.cc, line 346
[Chil[Parent 6124, Gecko_IOThread] WARNING: pipe error: 109: file z:/build/build/src/ipc/chromium/src/chrome/common/ipc_channel_win.cc, line 346
*** UTM:SVC TimerManager:registerTimer called after profile-before-change notification. Ignoring timer registration for id: telemetry_modules_ping

###!!! [Child][MessageChannel::SendAndWait] Error: Channel error: cannot send/recv

1522724220940	geckodriver::marionette	ERROR	Failed to stop browser process
1522724452740	geckodriver	INFO	geckodriver 0.20.0
1522724452773	geckodriver	INFO	Listening on 127.0.0.1:60463
1522724455825	mozrunner::runner	INFO	Running command: "C:\\Program Files\\Mozilla Firefox\\firefox.exe" "-marionette" "-profile" "C:\\Users\\lushi\\AppData\\Local\\Temp\\rust_mozprofile.lhJwL0S9jakF"
Unable to read VR Path Registry from C:\Users\lushi\AppData\Local\openvr\openvrpaths.vrpath
1522724457366	Marionette	INFO	Enabled via --marionette
Unable to read VR Path Registry from C:\Users\lushi\AppData\Local\openvr\openvrpaths.vrpath
Unable to read VR Path Registry from C:\Users\lushi\AppData\Local\openvr\openvrpaths.vrpath
Unable to read VR Path Registry from C:\Users\lushi\AppData\Local\openvr\openvrpaths.vrpath
1522724460560	Marionette	INFO	Listening on port 52797
Unable to read VR Path Registry from C:\Users\lushi\AppData\Local\openvr\openvrpaths.vrpath
1522724461088	Marionette	WARN	TLS certificate errors will be ignored for this session
[Parent 4880, Gecko_IOThread] WARNING: pipe error: 109: file z:/build/build/src/ipc/chromium/src/chrome/common/ipc_channel_win.cc, line 346
[Child 9272, Chrome_ChildThread] WARNING: pipe error: 109: file z:/build/build/src/ipc/chromium/src/chrome/common/ipc_channel_win.cc, line 346
[Ch[Child 3104, Chrome_ChildThread] WARNING: pipe error: 109: file z:/build/build/src/ipc/chromium/src/chrome/common/ipc_channel_win.cc, line 346
[Ch*** UTM:SVC TimerManager:registerTimer called after profile-before-change notification. Ignoring timer registration for id: telemetry_modules_ping

###!!! [Child][MessageChannel::SendAndWait] Error: Channel error: cannot send/recv

1522724501754	geckodriver::marionette	ERROR	Failed to stop browser process
1522725544549	geckodriver	INFO	geckodriver 0.20.0
1522725544585	geckodriver	INFO	Listening on 127.0.0.1:60693
1522725547639	mozrunner::runner	INFO	Running command: "C:\\Program Files\\Mozilla Firefox\\firefox.exe" "-marionette" "-profile" "C:\\Users\\lushi\\AppData\\Local\\Temp\\rust_mozprofile.Qf5V7Dy62bhp"
Unable to read VR Path Registry from C:\Users\lushi\AppData\Local\openvr\openvrpaths.vrpath
1522725549568	Marionette	INFO	Enabled via --marionette
Unable to read VR Path Registry from C:\Users\lushi\AppData\Local\openvr\openvrpaths.vrpath
Unable to read VR Path Registry from C:\Users\lushi\AppData\Local\openvr\openvrpaths.vrpath
Unable to read VR Path Registry from C:\Users\lushi\AppData\Local\openvr\openvrpaths.vrpath
1522725554200	Marionette	INFO	Listening on port 60704
1522725555238	Marionette	WARN	TLS certificate errors will be ignored for this session
Unable to read VR Path Registry from C:\Users\lushi\AppData\Local\openvr\openvrpaths.vrpath
[Child 5108, Chrome_ChildThread] WARNING: pipe error: 109: file z:/build/build/src/ipc/chromium/src/chrome/common/ipc_channel_win.cc, line 346
[*** UTM:SVC TimerManager:registerTimer called after profile-before-change notification. Ignoring timer registration for id: telemetry_modules_ping

###!!! [Child][MessageChannel::SendAndWait] Error: Channel error: cannot send/recv

1522725596988	geckodriver::marionette	ERROR	Failed to stop browser process
1522737069598	geckodriver	INFO	geckodriver 0.20.0
1522737069643	geckodriver	INFO	Listening on 127.0.0.1:65236
1522737072676	mozrunner::runner	INFO	Running command: "C:\\Program Files\\Mozilla Firefox\\firefox.exe" "-marionette" "-profile" "C:\\Users\\lushi\\AppData\\Local\\Temp\\rust_mozprofile.JXzCwWXrnMtx"
Unable to read VR Path Registry from C:\Users\lushi\AppData\Local\openvr\openvrpaths.vrpath
1522737073990	Marionette	INFO	Enabled via --marionette
Unable to read VR Path Registry from C:\Users\lushi\AppData\Local\openvr\openvrpaths.vrpath
Unable to read VR Path Registry from C:\Users\lushi\AppData\Local\openvr\openvrpaths.vrpath
Unable to read VR Path Registry from C:\Users\lushi\AppData\Local\openvr\openvrpaths.vrpath
1522737077092	Marionette	INFO	Listening on port 65247
Unable to read VR Path Registry from C:\Users\lushi\AppData\Local\openvr\openvrpaths.vrpath
1522737077926	Marionette	WARN	TLS certificate errors will be ignored for this session
[Parent 15648, Gecko_IOThread] WARNING: pipe error: 109: file z:/build/build/src/ipc/chromium/src/chrome/common/ipc_channel_win.cc, line 346
[Parent 15648, Gecko_IOThread] WARNING: pipe error: 109: file z:/build/build/src/ipc/chromium/src/chrome/common/ipc_channel_win.cc, line 346
[*** UTM:SVC TimerManager:registerTimer called after profile-before-change notification. Ignoring timer registration for id: telemetry_modules_ping
[GPU 1332, C
###!!! [Child][MessageChannel::SendAndWait] Error: Channel error: cannot send/recv

1522737136488	geckodriver::marionette	ERROR	Failed to stop browser process
1522737313463	geckodriver	INFO	geckodriver 0.20.0
1522737313513	geckodriver	INFO	Listening on 127.0.0.1:50983
1522737316711	mozrunner::runner	INFO	Running command: "C:\\Program Files\\Mozilla Firefox\\firefox.exe" "-marionette" "-profile" "C:\\Users\\lushi\\AppData\\Local\\Temp\\rust_mozprofile.czpYiXgMo90C"
Unable to read VR Path Registry from C:\Users\lushi\AppData\Local\openvr\openvrpaths.vrpath
1522737320300	Marionette	INFO	Enabled via --marionette
Unable to read VR Path Registry from C:\Users\lushi\AppData\Local\openvr\openvrpaths.vrpath
Unable to read VR Path Registry from C:\Users\lushi\AppData\Local\openvr\openvrpaths.vrpath
Unable to read VR Path Registry from C:\Users\lushi\AppData\Local\openvr\openvrpaths.vrpath
1522737324276	Marionette	INFO	Listening on port 50994
1522737324640	Marionette	WARN	TLS certificate errors will be ignored for this session
Unable to read VR Path Registry from C:\Users\lushi\AppData\Local\openvr\openvrpaths.vrpath
[Child 15352, Chrome_ChildThread] WARNING: pipe error: 109: file z:/build/build/src/ipc/chromium/src/chrome/common/ipc_channel_win.cc, line 346
[Child[Parent 15264, Gecko_IOThread] WARNING: pipe error: 109: file z:/build/build/src/ipc/chromium/src/chrome/common/ipc_channel_win.cc, line 346
[Child 13612, Chrome_ChildThread] WARNING: pipe error: 109: file z:/build/build/src/ipc/chromium/src/chrome/common/ipc_channel_win.cc, line 346
[Ch
###!!! [Child][MessageChannel::SendAndWait] Error: Channel error: cannot send/recv

1522737392344	geckodriver::marionette	ERROR	Failed to stop browser process
1522737512089	geckodriver	INFO	geckodriver 0.20.0
1522737512123	geckodriver	INFO	Listening on 127.0.0.1:59774
1522737515195	mozrunner::runner	INFO	Running command: "C:\\Program Files\\Mozilla Firefox\\firefox.exe" "-marionette" "-profile" "C:\\Users\\lushi\\AppData\\Local\\Temp\\rust_mozprofile.KRseYcBMxit2"
Unable to read VR Path Registry from C:\Users\lushi\AppData\Local\openvr\openvrpaths.vrpath
1522737517368	Marionette	INFO	Enabled via --marionette
Unable to read VR Path Registry from C:\Users\lushi\AppData\Local\openvr\openvrpaths.vrpath
Unable to read VR Path Registry from C:\Users\lushi\AppData\Local\openvr\openvrpaths.vrpath
Unable to read VR Path Registry from C:\Users\lushi\AppData\Local\openvr\openvrpaths.vrpath
1522737520530	Marionette	INFO	Listening on port 59782
Unable to read VR Path Registry from C:\Users\lushi\AppData\Local\openvr\openvrpaths.vrpath
1522737520992	Marionette	WARN	TLS certificate errors will be ignored for this session
[Parent 13740, Gecko_IOThread] WARNING: pipe error: 109: file z:/build/build/src/ipc/chromium/src/chrome/common/ipc_channel_win.cc, line 346
[Child 14460, Chrome_ChildThread] WARNING: pipe error: 109: file z:/build/build/src/ipc/chromium/src/chrome/common/ipc_channel_win.cc, line 346
[Child 1446[Parent 13740, Gecko_IOThread] WARNING: pipe error: 109: file z:/build/build/src/ipc/chromium/src/chrome/common/ipc_channel_win.cc, line 346
[Child 14000, Chrome_ChildThread] WARNING: pipe error: 109: file z:/build/build/src/ipc/chromium/src/chrome/common/ipc_channel_win.cc, line 346
[Ch
###!!! [Child][MessageChannel::SendAndWait] Error: Channel error: cannot send/recv

1522737580224	geckodriver::marionette	ERROR	Failed to stop browser process
1522737865373	geckodriver	INFO	geckodriver 0.20.0
1522737865406	geckodriver	INFO	Listening on 127.0.0.1:56198
1522737868463	mozrunner::runner	INFO	Running command: "C:\\Program Files\\Mozilla Firefox\\firefox.exe" "-marionette" "-profile" "C:\\Users\\lushi\\AppData\\Local\\Temp\\rust_mozprofile.q1Wax6PL1orM"
Unable to read VR Path Registry from C:\Users\lushi\AppData\Local\openvr\openvrpaths.vrpath
1522737870110	Marionette	INFO	Enabled via --marionette
Unable to read VR Path Registry from C:\Users\lushi\AppData\Local\openvr\openvrpaths.vrpath
Unable to read VR Path Registry from C:\Users\lushi\AppData\Local\openvr\openvrpaths.vrpath
Unable to read VR Path Registry from C:\Users\lushi\AppData\Local\openvr\openvrpaths.vrpath
1522737873644	Marionette	INFO	Listening on port 59652
Unable to read VR Path Registry from C:\Users\lushi\AppData\Local\openvr\openvrpaths.vrpath
1522737873752	Marionette	WARN	TLS certificate errors will be ignored for this session
[Parent 12728, Gecko_IOThread] WARNING: pipe error: 109: file z:/build/build/src/ipc/chromium/src/chrome/common/ipc_channel_win.cc, line 346
[Child 3656, Chrome_ChildThread] WARNING: pipe error: 109: file z:/build/build/src/ipc/chromium/src/chrome/common/ipc_channel_win.cc, line 346
[Chi[Parent 12728, Gecko_IOThread] WARNING: pipe error: 109: file z:/build/build/src/ipc/chromium/src/chrome/common/ipc_channel_win.cc, line 346
[Child 6180, Chrome_ChildThread] WARNING: pipe error: 109: file z:/build/build/src/ipc/chromium/src/chrome/common/ipc_channel_win.cc, line 346
[Child 6*** UTM:SVC TimerManager:registerTimer called after profile-before-change notification. Ignoring timer registration for id: telemetry_modules_ping

###!!! [Child][MessageChannel::SendAndWait] Error: Channel error: cannot send/recv

1522737922123	geckodriver::marionette	ERROR	Failed to stop browser process
1522738356618	geckodriver	INFO	geckodriver 0.20.0
1522738356652	geckodriver	INFO	Listening on 127.0.0.1:56359
1522738359717	mozrunner::runner	INFO	Running command: "C:\\Program Files\\Mozilla Firefox\\firefox.exe" "-marionette" "-profile" "C:\\Users\\lushi\\AppData\\Local\\Temp\\rust_mozprofile.jq3SSFz4qVUT"
Unable to read VR Path Registry from C:\Users\lushi\AppData\Local\openvr\openvrpaths.vrpath
1522738361002	Marionette	INFO	Enabled via --marionette
Unable to read VR Path Registry from C:\Users\lushi\AppData\Local\openvr\openvrpaths.vrpath
Unable to read VR Path Registry from C:\Users\lushi\AppData\Local\openvr\openvrpaths.vrpath
Unable to read VR Path Registry from C:\Users\lushi\AppData\Local\openvr\openvrpaths.vrpath
1522738364040	Marionette	INFO	Listening on port 56368
Unable to read VR Path Registry from C:\Users\lushi\AppData\Local\openvr\openvrpaths.vrpath
1522738364972	Marionette	WARN	TLS certificate errors will be ignored for this session
[Child 13628, Chrome_ChildThread] WARNING: pipe error: 109: file z:/build/build/src/ipc/chromium/src/chrome/common/ipc_channel_win.cc, line 346
[1522738389962	addons.productaddons	WARN	Failed downloading via XHR, status: 0, reason: error
[1522738389986	addons.productaddons	WARN	Failed downloading via XHR, status: 0, reason: error
[Parent 3636, Gecko_IOThread] WARNING: pipe error: 109: file z:/build/build/src/ipc/chromium/src/chrome/common/ipc_channel_win.cc, line 346
[Child 3200, Chrome_ChildThread] WARNING: pipe error: 109: file z:/build/build/src/ipc/chromium/src/chrome/common/ipc_channel_win.cc, line 346
[Chi*** UTM:SVC TimerManager:registerTimer called after profile-before-change notification. Ignoring timer registration for id: telemetry_modules_ping
[GPU 14604, Chrome_ChildThrea
###!!! [Child][MessageChannel::SendAndWait] Error: Channel error: cannot send/recv

1522738391367	geckodriver::marionette	ERROR	Failed to stop browser process
1522738600311	geckodriver	INFO	geckodriver 0.20.0
1522738600344	geckodriver	INFO	Listening on 127.0.0.1:56462
1522738603408	mozrunner::runner	INFO	Running command: "C:\\Program Files\\Mozilla Firefox\\firefox.exe" "-marionette" "-profile" "C:\\Users\\lushi\\AppData\\Local\\Temp\\rust_mozprofile.lxdvdX8C1CJO"
Unable to read VR Path Registry from C:\Users\lushi\AppData\Local\openvr\openvrpaths.vrpath
1522738604676	Marionette	INFO	Enabled via --marionette
Unable to read VR Path Registry from C:\Users\lushi\AppData\Local\openvr\openvrpaths.vrpath
Unable to read VR Path Registry from C:\Users\lushi\AppData\Local\openvr\openvrpaths.vrpath
Unable to read VR Path Registry from C:\Users\lushi\AppData\Local\openvr\openvrpaths.vrpath
1522738607774	Marionette	INFO	Listening on port 56470
Unable to read VR Path Registry from C:\Users\lushi\AppData\Local\openvr\openvrpaths.vrpath
1522738608672	Marionette	WARN	TLS certificate errors will be ignored for this session
[Parent 4284, Gecko_IOThread] WARNING: pipe error: 109: file z:/build/build/src/ipc/chromium/src/chrome/common/ipc_channel_win.cc, line 346
[Child 16380, Chrome_ChildThread] WARNING: pipe error: 109: file z:/build/build/src/ipc/chromium/src/chrome/common/ipc_channel_win.cc, line 346
[Chi[*** UTM:SVC TimerManager:registerTimer called after profile-before-change notification. Ignoring timer registration for id: telemetry_modules_ping
[GPU 13228, Chrome_ChildThread] WARNING: pipe error: 109: file z:/bu
###!!! [Child][MessageChannel::SendAndWait] Error: Channel error: cannot send/recv

1522738638597	geckodriver::marionette	ERROR	Failed to stop browser process
1522738658662	geckodriver	INFO	geckodriver 0.20.0
1522738658693	geckodriver	INFO	Listening on 127.0.0.1:54544
1522738661769	mozrunner::runner	INFO	Running command: "C:\\Program Files\\Mozilla Firefox\\firefox.exe" "-marionette" "-profile" "C:\\Users\\lushi\\AppData\\Local\\Temp\\rust_mozprofile.VuPho6TyxDx2"
Unable to read VR Path Registry from C:\Users\lushi\AppData\Local\openvr\openvrpaths.vrpath
1522738663530	Marionette	INFO	Enabled via --marionette
Unable to read VR Path Registry from C:\Users\lushi\AppData\Local\openvr\openvrpaths.vrpath
Unable to read VR Path Registry from C:\Users\lushi\AppData\Local\openvr\openvrpaths.vrpath
Unable to read VR Path Registry from C:\Users\lushi\AppData\Local\openvr\openvrpaths.vrpath
Unable to read VR Path Registry from C:\Users\lushi\AppData\Local\openvr\openvrpaths.vrpath
1522738667632	Marionette	INFO	Listening on port 54553
1522738668104	Marionette	WARN	TLS certificate errors will be ignored for this session
[Child 15040, Chrome_ChildThread] WARNING: pipe error: 109: file z:/build/build/src/ipc/chromium/src/chrome/common/ipc_channel_win.cc, line 346
[Ch[Parent 13604, Gecko_IOThread] WARNING: pipe error: 109: file z:/build/build/src/ipc/chromium/src/chrome/common/ipc_channel_win.cc, line 346
[Child 440, Chrome_ChildThread] WARNING: pipe error: 109: file z:/build/build/src/ipc/chromium/src/chrome/common/ipc_channel_win.cc, line 346
[Chi*** UTM:SVC TimerManager:registerTimer called after profile-before-change notification. Ignoring timer registration for id: telemetry_modules_ping

###!!! [Child][MessageChannel::SendAndWait] Error: Channel error: cannot send/recv

1522738693646	geckodriver::marionette	ERROR	Failed to stop browser process
1522741462342	geckodriver	INFO	geckodriver 0.20.0
1522741462380	geckodriver	INFO	Listening on 127.0.0.1:62524
1522741465455	mozrunner::runner	INFO	Running command: "C:\\Program Files\\Mozilla Firefox\\firefox.exe" "-marionette" "-profile" "C:\\Users\\lushi\\AppData\\Local\\Temp\\rust_mozprofile.EYafFRTdB524"
Unable to read VR Path Registry from C:\Users\lushi\AppData\Local\openvr\openvrpaths.vrpath
1522741467012	Marionette	INFO	Enabled via --marionette
Unable to read VR Path Registry from C:\Users\lushi\AppData\Local\openvr\openvrpaths.vrpath
Unable to read VR Path Registry from C:\Users\lushi\AppData\Local\openvr\openvrpaths.vrpath
Unable to read VR Path Registry from C:\Users\lushi\AppData\Local\openvr\openvrpaths.vrpath
1522741470184	Marionette	INFO	Listening on port 62534
Unable to read VR Path Registry from C:\Users\lushi\AppData\Local\openvr\openvrpaths.vrpath
1522741470716	Marionette	WARN	TLS certificate errors will be ignored for this session
[Child 13504, Chrome_ChildThread] WARNING: pipe error: 109: file z:/build/build/src/ipc/chromium/src/chrome/common/ipc_channel_win.cc, line 346
[Ch[Parent 9264, Gecko_IOThread] WARNING: pipe error: 109: file z:/build/build/src/ipc/chromium/src/chrome/common/ipc_channel_win.cc, line 346
[Parent 9264, Gecko_IOThread] WARNING: pipe error: 109: file z:/build/build/src/ipc/chromium/src/chrome/common/ipc_channel_win.cc, line 346
[Child 13868, Chrome_ChildThread] WARNING: pipe error: 109: file z:/build/build/src/ipc/chromium/src/chrome/common/ipc_channel_win.cc, line 346
[Chi*** UTM:SVC TimerManager:registerTimer called after profile-before-change notification. Ignoring timer registration for id: telemetry_modules_ping

###!!! [Child][MessageChannel::SendAndWait] Error: Channel error: cannot send/recv

1522741491322	geckodriver::marionette	ERROR	Failed to stop browser process
1522741942941	geckodriver	INFO	geckodriver 0.20.0
1522741942977	geckodriver	INFO	Listening on 127.0.0.1:55097
1522741946034	mozrunner::runner	INFO	Running command: "C:\\Program Files\\Mozilla Firefox\\firefox.exe" "-marionette" "-profile" "C:\\Users\\lushi\\AppData\\Local\\Temp\\rust_mozprofile.pRgTmu7Z7QPp"
Unable to read VR Path Registry from C:\Users\lushi\AppData\Local\openvr\openvrpaths.vrpath
1522741947540	Marionette	INFO	Enabled via --marionette
Unable to read VR Path Registry from C:\Users\lushi\AppData\Local\openvr\openvrpaths.vrpath
Unable to read VR Path Registry from C:\Users\lushi\AppData\Local\openvr\openvrpaths.vrpath
Unable to read VR Path Registry from C:\Users\lushi\AppData\Local\openvr\openvrpaths.vrpath
1522741952752	Marionette	INFO	Listening on port 55107
Unable to read VR Path Registry from C:\Users\lushi\AppData\Local\openvr\openvrpaths.vrpath
1522741953534	Marionette	WARN	TLS certificate errors will be ignored for this session
[Parent 5824, Gecko_IOThread] WARNING: pipe error: 109: file z:/build/build/src/ipc/chromium/src/chrome/common/ipc_channel_win.cc, line 346
[Child 8628, Chrome_ChildThread] WARNING: pipe error: 109: file z:/build/build/src/ipc/chromium/src/chrome/common/ipc_channel_win.cc, line 346
[Ch[Child 16072, Chrome_ChildThread] WARNING: pipe error: 109: file z:/build/build/src/ipc/chromium/src/chrome/common/ipc_channel_win.cc, line 346
[Chi[Parent 5824, Gecko_IOThread] WARNING: pipe error: 109: file z:/build/build/src/ipc/chromium/src/chrome/common/ipc_channel_win.cc, line 346
*** UTM:SVC TimerManager:registerTimer called after profile-before-change notification. Ignoring timer registration for id: telemetry_modules_ping

###!!! [Child][MessageChannel::SendAndWait] Error: Channel error: cannot send/recv

1522741972478	geckodriver::marionette	ERROR	Failed to stop browser process
1522742040225	geckodriver	INFO	geckodriver 0.20.0
1522742040256	geckodriver	INFO	Listening on 127.0.0.1:55190
1522742043322	mozrunner::runner	INFO	Running command: "C:\\Program Files\\Mozilla Firefox\\firefox.exe" "-marionette" "-profile" "C:\\Users\\lushi\\AppData\\Local\\Temp\\rust_mozprofile.M2atFhobFF1T"
Unable to read VR Path Registry from C:\Users\lushi\AppData\Local\openvr\openvrpaths.vrpath
1522742044610	Marionette	INFO	Enabled via --marionette
Unable to read VR Path Registry from C:\Users\lushi\AppData\Local\openvr\openvrpaths.vrpath
Unable to read VR Path Registry from C:\Users\lushi\AppData\Local\openvr\openvrpaths.vrpath
Unable to read VR Path Registry from C:\Users\lushi\AppData\Local\openvr\openvrpaths.vrpath
1522742047970	Marionette	INFO	Listening on port 55198
Unable to read VR Path Registry from C:\Users\lushi\AppData\Local\openvr\openvrpaths.vrpath
1522742048586	Marionette	WARN	TLS certificate errors will be ignored for this session
[[Child 5360, Chrome_ChildThread] WARNING: pipe error: 109: file z:/build/build/src/ipc/chromium/src/chrome/common/ipc_channel_win.cc, line 346
[Chi[Parent 3260, Gecko_IOThread] WARNING: pipe error: 109: file z:/build/build/src/ipc/chromium/src/chrome/common/ipc_channel_win.cc, line 346
[*** UTM:SVC TimerManager:registerTimer called after profile-before-change notification. Ignoring timer registration for id: telemetry_modules_ping

###!!! [Child][MessageChannel::SendAndWait] Error: Channel error: cannot send/recv

1522742068171	geckodriver::marionette	ERROR	Failed to stop browser process
1522742165602	geckodriver	INFO	geckodriver 0.20.0
1522742165634	geckodriver	INFO	Listening on 127.0.0.1:55257
1522742168709	mozrunner::runner	INFO	Running command: "C:\\Program Files\\Mozilla Firefox\\firefox.exe" "-marionette" "-profile" "C:\\Users\\lushi\\AppData\\Local\\Temp\\rust_mozprofile.AIeCsM3DtA8a"
Unable to read VR Path Registry from C:\Users\lushi\AppData\Local\openvr\openvrpaths.vrpath
1522742170076	Marionette	INFO	Enabled via --marionette
Unable to read VR Path Registry from C:\Users\lushi\AppData\Local\openvr\openvrpaths.vrpath
Unable to read VR Path Registry from C:\Users\lushi\AppData\Local\openvr\openvrpaths.vrpath
Unable to read VR Path Registry from C:\Users\lushi\AppData\Local\openvr\openvrpaths.vrpath
Unable to read VR Path Registry from C:\Users\lushi\AppData\Local\openvr\openvrpaths.vrpath
1522742173352	Marionette	INFO	Listening on port 55267
1522742173956	Marionette	WARN	TLS certificate errors will be ignored for this session
[Parent 12164, Gecko_IOThread] WARNING: pipe error: 109: file z:/build/build/src/ipc/chromium/src/chrome/common/ipc_channel_win.cc, line 346
[Child 12684, Chrome_ChildThread] WARNING: pipe error: 109: file z:/build/build/src/ipc/chromium/src/chrome/common/ipc_channel_win.cc, line 346
[Ch[Child 11708, Chrome_ChildThread] WARNING: pipe error: 109: file z:/build/build/src/ipc/chromium/src/chrome/common/ipc_channel_win.cc, line 346
[Ch[Parent 12164, Gecko_IOThread] WARNING: pipe error: 109: file z:/build/build/src/ipc/chromium/src/chrome/common/ipc_channel_win.cc, line 346
*** UTM:SVC TimerManager:registerTimer called after profile-before-change notification. Ignoring timer registration for id: telemetry_modules_ping

###!!! [Child][MessageChannel::SendAndWait] Error: Channel error: cannot send/recv

1522742193896	geckodriver::marionette	ERROR	Failed to stop browser process
1522742276636	geckodriver	INFO	geckodriver 0.20.0
1522742276669	geckodriver	INFO	Listening on 127.0.0.1:50874
1522742279739	mozrunner::runner	INFO	Running command: "C:\\Program Files\\Mozilla Firefox\\firefox.exe" "-marionette" "-profile" "C:\\Users\\lushi\\AppData\\Local\\Temp\\rust_mozprofile.wgSDRkX7O3ld"
Unable to read VR Path Registry from C:\Users\lushi\AppData\Local\openvr\openvrpaths.vrpath
1522742281034	Marionette	INFO	Enabled via --marionette
Unable to read VR Path Registry from C:\Users\lushi\AppData\Local\openvr\openvrpaths.vrpath
Unable to read VR Path Registry from C:\Users\lushi\AppData\Local\openvr\openvrpaths.vrpath
Unable to read VR Path Registry from C:\Users\lushi\AppData\Local\openvr\openvrpaths.vrpath
Unable to read VR Path Registry from C:\Users\lushi\AppData\Local\openvr\openvrpaths.vrpath
1522742284298	Marionette	INFO	Listening on port 50883
1522742284996	Marionette	WARN	TLS certificate errors will be ignored for this session
[Parent 16308, Gecko_IOThread] WARNING: pipe error: 109: file z:/build/build/src/ipc/chromium/src/chrome/common/ipc_channel_win.cc, line 346
[Child 14988, Chrome_ChildThread] WARNING: pipe error: 109: file z:/build/build/src/ipc/chromium/src/chrome/common/ipc_channel_win.cc, line 346
[Chi[Child 16220, Chrome_ChildThread] WARNING: pipe error: 109: file z:/build/build/src/ipc/chromium/src/chrome/common/ipc_channel_win.cc, line 346
[Chil[*** UTM:SVC TimerManager:registerTimer called after profile-before-change notification. Ignoring timer registration for id: telemetry_modules_ping

###!!! [Child][MessageChannel::SendAndWait] Error: Channel error: cannot send/recv

1522742301723	geckodriver::marionette	ERROR	Failed to stop browser process
1522764149827	geckodriver	INFO	geckodriver 0.20.0
1522764149857	geckodriver	INFO	Listening on 127.0.0.1:52625
1522764152902	mozrunner::runner	INFO	Running command: "C:\\Program Files\\Mozilla Firefox\\firefox.exe" "-marionette" "-profile" "C:\\Users\\lushi\\AppData\\Local\\Temp\\rust_mozprofile.ZPkk1ya1Qwr4"
Unable to read VR Path Registry from C:\Users\lushi\AppData\Local\openvr\openvrpaths.vrpath
1522764154624	Marionette	INFO	Enabled via --marionette
Unable to read VR Path Registry from C:\Users\lushi\AppData\Local\openvr\openvrpaths.vrpath
Unable to read VR Path Registry from C:\Users\lushi\AppData\Local\openvr\openvrpaths.vrpath
Unable to read VR Path Registry from C:\Users\lushi\AppData\Local\openvr\openvrpaths.vrpath
1522764157926	Marionette	INFO	Listening on port 52633
1522764158180	Marionette	WARN	TLS certificate errors will be ignored for this session
Unable to read VR Path Registry from C:\Users\lushi\AppData\Local\openvr\openvrpaths.vrpath
JavaScript error: https://ss1.bdstatic.com/5eN1bjq8AAUYm2zgoY3K/r/www/cache/static/protocol/https/plugins/every_cookie_4644b13.js, line 4: ReferenceError: c is not defined
[Parent 8928, Gecko_IOThread] WARNING: pipe error: 109: file z:/build/build/src/ipc/chromium/src/chrome/common/ipc_channel_win.cc, line 346
[Parent 8928, Gecko_IOThread] WARNING: pipe error: 109: file z:/build/build/src/ipc/chromium/src/chrome/common/ipc_channel_win.cc, line 346
[Child 4840, Chrome_ChildThread] WARNING: pipe error: 109: file z:/build/build/src/ipc/chromium/src/chrome/common/ipc_channel_win.cc, line 346
[Child 4840, C
###!!! [Child][MessageChannel::SendAndWait] Error: Channel error: cannot send/recv

nvr\openvrpaths.vrpath
Unable to read VR Path Registry from C:\Users\lushi\AppData\Local\openvr\openvrpaths.vrpath
Unable to read VR Path Registry from C:\Users\lushi\AppData\Local\openvr\openvrpaths.vrpath
1522767282304	Marionette	INFO	Listening on port 56524
Unable to read VR Path Registry from C:\Users\lushi\AppData\Local\openvr\openvrpaths.vrpath
1522767282882	Marionette	WARN	TLS certificate errors will be ignored for this session
JavaScript error: https://ss1.bdstatic.com/5eN1bjq8AAUYm2zgoY3K/r/www/cache/static/protocol/https/plugins/every_cookie_4644b13.js, line 4: ReferenceError: c is not defined
[Child 11476, Chrome_ChildThread] WARNING: pipe error: 109: file z:/build/build/src/ipc/chromium/src/chrome/common/ipc_channel_win.cc, line 346
[Child 18424, Chrome_ChildThread] WARNING: pipe error: 109: file z:/build/build/src/ipc/chromium/src/chrome/common/ipc_channel_win.cc, line 346
[Parent 10920, Gecko_IOThread] WARNING: pipe error: 109: file z:/build/build/src/ipc/chromium/src/chrome/common/ipc_channel_win.cc, line 346
[
###!!! [Child][MessageChannel::SendAndWait] Error: Channel error: cannot send/recv

cal\openvr\openvrpaths.vrpath
Unable to read VR Path Registry from C:\Users\lushi\AppData\Local\openvr\openvrpaths.vrpath
Unable to read VR Path Registry from C:\Users\lushi\AppData\Local\openvr\openvrpaths.vrpath
1522767296434	Marionette	INFO	Listening on port 56660
1522767297318	Marionette	WARN	TLS certificate errors will be ignored for this session
Unable to read VR Path Registry from C:\Users\lushi\AppData\Local\openvr\openvrpaths.vrpath
[Child 18760, Chrome_ChildThread] WARNING: pipe error: 109: file z:/build/build/src/ipc/chromium/src/chrome/common/ipc_channel_win.cc, line 346
[Chil[Child 19376, Chrome_ChildThread] WARNING: pipe error: 109: file z:/build/build/src/ipc/chromium/src/chrome/common/ipc_channel_win.cc, line 346
[Ch[*** UTM:SVC TimerManager:registerTimer called after profile-before-change notification. Ignoring timer registration for id: telemetry_modules_ping

###!!! [Child][MessageChannel::SendAndWait] Error: Channel error: cannot send/recv

1522767323432	geckodriver::marionette	ERROR	Failed to stop browser process
1522768000787	geckodriver	INFO	geckodriver 0.20.0
1522768000838	geckodriver	INFO	Listening on 127.0.0.1:50290
1522768003923	mozrunner::runner	INFO	Running command: "C:\\Program Files\\Mozilla Firefox\\firefox.exe" "-marionette" "-profile" "C:\\Users\\lushi\\AppData\\Local\\Temp\\rust_mozprofile.NeDfBgor9uO1"
Unable to read VR Path Registry from C:\Users\lushi\AppData\Local\openvr\openvrpaths.vrpath
1522768006070	Marionette	INFO	Enabled via --marionette
Unable to read VR Path Registry from C:\Users\lushi\AppData\Local\openvr\openvrpaths.vrpath
Unable to read VR Path Registry from C:\Users\lushi\AppData\Local\openvr\openvrpaths.vrpath
Unable to read VR Path Registry from C:\Users\lushi\AppData\Local\openvr\openvrpaths.vrpath
Unable to read VR Path Registry from C:\Users\lushi\AppData\Local\openvr\openvrpaths.vrpath
1522768009428	Marionette	INFO	Listening on port 50304
1522768009768	Marionette	WARN	TLS certificate errors will be ignored for this session
JavaScript error: https://ss1.bdstatic.com/5eN1bjq8AAUYm2zgoY3K/r/www/cache/static/protocol/https/plugins/every_cookie_4644b13.js, line 4: ReferenceError: c is not defined
1522768138606	addons.productaddons	WARN	Failed downloading via XHR, status: 0, reason: error
[Parent 8032, Gecko_IOThread] WARNING: pipe error: 109: file z:/build/build/src/ipc/chromium/src/chrome/common/ipc_channel_win.cc, line 346
[Parent 8032, Gecko_IOThread] WARNING: pipe error: 109: file z:/build/build/src/ipc/chromium/src/chrome/common/ipc_channel_win.cc, line 346
[Child 11464, Chrome_ChildThread] WARNING: pipe error: 109: file z:/build/build/src/ipc/chromium/src/chrome/common/ipc_channel_win.cc, line 346
[Child 11464, Chrom[Parent 8032, Gecko_IOThread] WARNING: pipe error: 109: file z:/build/build/src/ipc/chromium/src/chrome/common/ipc_channel_win.cc, line 346
[Child 18172, Chrome_ChildThread] WARNING: pipe error: 109: file z:/build/build/src/ipc/chromium/src/chrome/common/ipc_channel_win.cc, line 346
[Child 18172, Chr
###!!! [Child][MessageChannel::SendAndWait] Error: Channel error: cannot send/recv

 Processing error: message was deserialized, but the handler returned false (indicating failure)

1522768041244	Marionette	INFO	Listening on port 51167
Unable to read VR Path Registry from C:\Users\lushi\App1522768044340	mozrunner::runner	INFO	Running command: "C:\\Program Files\\Mozilla Firefox\\firefox.exe" "-marionette" "-profile" "C:\\Users\\lushi\\AppData\\Local\\Temp\\rust_mozprofile.gSOFqw4BQyHm"
Unable to read VR Path Registry from C:\Users\lushi\AppData\Local\openvr\openvrpaths.vrpath
152271522768149274	addons.productaddons	WARN	Failed downloading via XHR, status: 0, reason: error
[Parent 17156, Gecko_IOThread] WARNING: pipe error: 109: file z:/build/build/src/ipc/chromium/src/chrome/common/ipc_channel_win.cc, line 346
[Parent 17156, Gecko_IOThread] WARNING: pipe error: 109: file z:/build/build/src/ipc/chromium/src/chrome/common/ipc_channel_win.cc, line 346
[Parent 17156, Gecko_IOThread] WARNING: pipe error: 109: file z:/build/build/src/ipc/chromium/src/chrome/common/ipc_channel_win.cc, line 346
[Child 6376, Chrome_ChildThread] WARNING: pipe error: 109: file z:/build/build/src/ipc/chromium/src/chrome/common/ipc_channel_win.cc, line 346
[Child 6376, Chrome_ChildThread] WARNING: pipe error: 109: file z:/build
###!!! [Child][MessageChannel::SendAndWait] Error: Channel error: cannot send/recv

on/ipc_channel_win.cc, line 346
[Ch*** UTM:SVC TimerManager:registerTimer called after profile-before-change notification. Ignoring timer registrati[Parent 14072, Gecko_IOThread] WARNING: pipe error: 109: file z:/build/build/src/ipc/chromium/src/chrome/common/ipc_channel_win.cc, line 346
[Child 18264, Chrome_ChildThread] WARNING: pipe error: 109: file z:/build/build/src/ipc/chromium/src/chrome/common/ipc_channel_win.cc, line 346
[Ch[Parent 14072, Gecko_IOThread] WARNING: pipe error: 109: file z:/build/build/src/ipc/chromium/src/chrome/common/ipc_channel_win.cc, line 346
[*** UTM:SVC TimerManager:registerTimer called after profile-before-change notification. Ignoring timer registration for id: telemetry_modules_ping

###!!! [Child][MessageChannel::SendAndWait] Error: Channel error: cannot send/recv

1522768081620	geckodriver::marionette	ERROR	Failed to stop browser process
1522768094223	geckodriver	INFO	geckodriver 0.20.0
1522768094254	geckodriver	INFO	Listening on 127.0.0.1:51366
1522768097312	mozrunner::runner	INFO	Running command: "C:\\Program Files\\Mozilla Firefox\\firefox.exe" "-marionette" "-profile" "C:\\Users\\lushi\\AppData\\Local\\Temp\\rust_mozprofile.EYr6nx8q7smQ"
Unable to read VR Path Registry from C:\Users\lushi\AppData\Local\openvr\openvrpaths.vrpath
1522768099484	Marionette	INFO	Enabled via --marionette
Unable to read VR Path Registry from C:\Users\lushi\AppData\Local\openvr\openvrpaths.vrpath
Unable to read VR Path Registry from C:\Users\lushi\AppData\Local\openvr\openvrpaths.vrpath
Unable to read VR Path Registry from C:\Users\lushi\AppData\Local\openvr\openvrpaths.vrpath
IPDL protocol error: Handler returned error code!

###!!! [Parent][DispatchAsyncMessage] Error: PLayerTransaction::Msg_ReleaseLayer Processing error: message was deserialized, but the handler returned false (indicating failure)

IPDL protocol error: Handler returned error code!

###!!! [Parent][DispatchAsyncMessage] Error: PLayerTransaction::Msg_ReleaseLayer Processing error: message was deserialized, but the handler returned false (indicating failure)

1522768102488	Marionette	INFO	Listening on port 51375
Unable to read VR Path Registry from C:\Users\lushi\AppData\Local\openvr\openvrpaths.vrpath
1522768102578	Marionette	WARN	TLS certificate errors will be ignored for this session
[Parent 7132, Gecko_IOThread] WARNING: pipe error: 109: file z:/build/build/src/ipc/chromium/src/chrome/common/ipc_channel_win.cc, line 346
[Parent 7132, Gecko_IOThread] WARNING: pipe error: 109: file z:/build/build/src/ipc/chromium/src/chrome/common/ipc_channel_win.cc, line 346
[Child 6880, Chrome_ChildThread] WARNING: pipe error: 109: file z:/build/build/src/ipc/chromium/src/chrome/common/ipc_channel_win.cc, line 346
[Chi[Parent 7132, Gecko_IOThread] WARNING: pipe error: 109: file z:/build/build/src/ipc/chromium/src/chrome/common/ipc_channel_win.cc, line 346
[1522768124912	addons.productaddons	WARN	Failed downloading via XHR, status: 0, reason: error
*** UTM:SVC TimerManager:registerTimer called after profile-before-change notification. Ignoring timer registration for id: telemetry_modules_ping

###!!! [Child][MessageChannel::SendAndWait] Error: Channel error: cannot send/recv

1522768126114	geckodriver::marionette	ERROR	Failed to stop browser process
1522771235334	geckodriver	INFO	geckodriver 0.20.0
1522771235371	geckodriver	INFO	Listening on 127.0.0.1:60894
1522771238406	mozrunner::runner	INFO	Running command: "C:\\Program Files\\Mozilla Firefox\\firefox.exe" "-marionette" "-profile" "C:\\Users\\lushi\\AppData\\Local\\Temp\\rust_mozprofile.JSfrZxPlE38E"
Unable to read VR Path Registry from C:\Users\lushi\AppData\Local\openvr\openvrpaths.vrpath
1522771239898	Marionette	INFO	Enabled via --marionette
Unable to read VR Path Registry from C:\Users\lushi\AppData\Local\openvr\openvrpaths.vrpath
Unable to read VR Path Registry from C:\Users\lushi\AppData\Local\openvr\openvrpaths.vrpath
Unable to read VR Path Registry from C:\Users\lushi\AppData\Local\openvr\openvrpaths.vrpath
1522771243220	Marionette	INFO	Listening on port 60902
1522771243696	Marionette	WARN	TLS certificate errors will be ignored for this session
Unable to read VR Path Registry from C:\Users\lushi\AppData\Local\openvr\openvrpaths.vrpath
[Parent 18568, Gecko_IOThread] WARNING: pipe error: 109: file z:/build/build/src/ipc/chromium/src/chrome/common/ipc_channel_win.cc, line 346
[Child 3936, Chrome_ChildThread] WARNING: pipe error: 109: file z:/build/build/src/ipc/chromium/src/chrome/common/ipc_channel_win.cc, line 346
[Child 3936, Chrome_ChildThread] WARNING: pipe error: 109: [Parent 18568, Gecko_IOThread] WARNING: pipe error: 109: file z:/build/build/src/ipc/chromium/src/chrome/common/ipc_channel_win.cc, line 346
[Child 10248, Chrome_ChildThread] WARNING: pipe error: 109: file z:/build/build/src/ipc/chromium/src/chrome/common/ipc_channel_win.cc, line 346
[Child 10248, Chrome_C*** UTM:SVC TimerManager:registerTimer called after profile-before-change notification. Ignoring timer registration for id: telemetry_modules_ping

###!!! [Child][MessageChannel::SendAndWait] Error: Channel error: cannot send/recv

1522771338219	geckodriver	INFO	geckodriver 0.20.0
1522771338249	geckodriver	INFO	Listening on 127.0.0.1:60972
1522771341322	mozrunner::runner	INFO	Running command: "C:\\Program Files\\Mozilla Firefox\\firefox.exe" "-marionette" "-profile" "C:\\Users\\lushi\\AppData\\Local\\Temp\\rust_mozprofile.9dljpw5gqAyx"
Unable to read VR Path Registry from C:\Users\lushi\AppData\Local\openvr\openvrpaths.vrpath
1522771343064	Marionette	INFO	Enabled via --marionette
Unable to read VR Path Registry from C:\Users\lushi\AppData\Local\openvr\openvrpaths.vrpath
Unable to read VR Path Registry from C:\Users\lushi\AppData\Local\openvr\openvrpaths.vrpath
Unable to read VR Path Registry from C:\Users\lushi\AppData\Local\openvr\openvrpaths.vrpath
1522771346436	Marionette	INFO	Listening on port 60981
1522771346586	Marionette	WARN	TLS certificate errors will be ignored for this session
Unable to read VR Path Registry from C:\Users\lushi\AppData\Local\openvr\openvrpaths.vrpath
[Child 18540, Chrome_ChildThread] WARNING: pipe error: 109: file z:/build/build/src/ipc/chromium/src/chrome/common/ipc_channel_win.cc, line 346
[Child 1[Parent 176, Gecko_IOThread] WARNING: pipe error: 109: file z:/build/build/src/ipc/chromium/src/chrome/common/ipc_channel_win.cc, line 346
[[Parent 176, Gecko_IOThread] WARNING: pipe error: 109: file z:/build/build/src/ipc/chromium/src/chrome/common/ipc_channel_win.cc, line 346
[*** UTM:SVC TimerManager:registerTimer called after profile-before-change notification. Ignoring timer registration for id: telemetry_modules_ping

###!!! [Child][MessageChannel::SendAndWait] Error: Channel error: cannot send/recv

1522771394277	geckodriver::marionette	ERROR	Failed to stop browser process
